<?xml version="1.0" encoding="UTF-8"?>
<!-- Generated by org.testng.reporters.JUnitXMLReporter -->
<testsuite ignored="0" hostname="DESKTOP-M7GVVU2" failures="1" tests="2" name="Test Execution on Firefox Browser" time="30.883" errors="0" timestamp="2021-02-14T23:58:49 GMT-08:00">
  <testcase classname="com.qa.Tests.LoginTest" name="verifyLoginPageTitleTest" time="0.037"/>
  <testcase classname="com.qa.Tests.LoginTest" name="validateLoginIntoTheApplication" time="0.259">
    <failure type="java.lang.AssertionError" message="Page Title doesn&amp;apos;t match. Expected &amp;apos;My account - My Stor&amp;apos; Actual : Login - My Store expected [true] but found [false]">
      <![CDATA[java.lang.AssertionError: Page Title doesn't match. Expected 'My account - My Stor' Actual : Login - My Store expected [true] but found [false]
at com.qa.Tests.LoginTest.validateLoginIntoTheApplication(LoginTest.java:40)
at java.base/java.util.ArrayList.forEach(ArrayList.java:1511)
at java.base/java.util.concurrent.FutureTask.run(FutureTask.java:264)
at java.base/java.util.concurrent.ThreadPoolExecutor.runWorker(ThreadPoolExecutor.java:1130)
at java.base/java.util.concurrent.ThreadPoolExecutor$Worker.run(ThreadPoolExecutor.java:630)
at java.base/java.lang.Thread.run(Thread.java:832)
... Removed 21 stack frames]]>
    </failure>
  </testcase> <!-- validateLoginIntoTheApplication -->
</testsuite> <!-- Test Execution on Firefox Browser -->
