<?xml version="1.0" encoding="UTF-8"?>
<!-- Generated by org.testng.reporters.JUnitXMLReporter -->
<testsuite ignored="0" hostname="DESKTOP-M7GVVU2" failures="0" tests="2" name="Test Execution on Chrome Browser" time="46.493" errors="0" timestamp="2021-02-17T00:02:25 GMT-08:00">
  <testcase classname="com.qa.Tests.LoginTest" name="verifyLoginPageTitleTest" time="0.411"/>
  <testcase classname="com.qa.Tests.LoginTest" name="validateLoginIntoTheApplication" time="5.572"/>
</testsuite> <!-- Test Execution on Chrome Browser -->
