<?xml version="1.0" encoding="UTF-8"?>
<!-- Generated by org.testng.reporters.JUnitXMLReporter -->
<testsuite ignored="0" hostname="DESKTOP-M7GVVU2" failures="0" tests="2" name="Test Execution on Firefox Browser" time="61.917" errors="0" timestamp="2021-02-17T00:02:40 GMT-08:00">
  <testcase classname="com.qa.Tests.LoginTest" name="verifyLoginPageTitleTest" time="0.132"/>
  <testcase classname="com.qa.Tests.LoginTest" name="validateLoginIntoTheApplication" time="5.869"/>
</testsuite> <!-- Test Execution on Firefox Browser -->
