<?xml version="1.0" encoding="UTF-8"?>
<testng-results ignored="0" total="4" passed="4" failed="0" skipped="0">
  <reporter-output>
  </reporter-output>
  <suite started-at="2021-02-17T00:01:38 GMT-08:00" name="Suite" finished-at="2021-02-17T00:02:40 GMT-08:00" duration-ms="61917">
    <groups>
    </groups>
    <test started-at="2021-02-17T00:01:38 GMT-08:00" name="Test Execution on Chrome Browser" finished-at="2021-02-17T00:02:25 GMT-08:00" duration-ms="46493">
      <class name="com.qa.Tests.LoginTest">
        <test-method is-config="true" signature="lauchApplication(java.lang.String)[pri:0, instance:com.qa.Tests.LoginTest@12d4bf7e]" started-at="2021-02-17T00:01:39 GMT-08:00" name="lauchApplication" finished-at="2021-02-17T00:02:10 GMT-08:00" duration-ms="31378" status="PASS">
          <params>
            <param index="0">
              <value>
                <![CDATA[Chrome]]>
              </value>
            </param>
          </params>
          <reporter-output>
          </reporter-output>
        </test-method> <!-- lauchApplication -->
        <test-method signature="verifyLoginPageTitleTest()[pri:0, instance:com.qa.Tests.LoginTest@12d4bf7e]" started-at="2021-02-17T00:02:10 GMT-08:00" name="verifyLoginPageTitleTest" finished-at="2021-02-17T00:02:11 GMT-08:00" duration-ms="411" status="PASS">
          <reporter-output>
          </reporter-output>
        </test-method> <!-- verifyLoginPageTitleTest -->
        <test-method signature="validateLoginIntoTheApplication()[pri:1, instance:com.qa.Tests.LoginTest@12d4bf7e]" started-at="2021-02-17T00:02:11 GMT-08:00" name="validateLoginIntoTheApplication" finished-at="2021-02-17T00:02:16 GMT-08:00" duration-ms="5572" status="PASS">
          <reporter-output>
          </reporter-output>
        </test-method> <!-- validateLoginIntoTheApplication -->
        <test-method is-config="true" signature="closeDriverInstance()[pri:0, instance:com.qa.Tests.LoginTest@12d4bf7e]" started-at="2021-02-17T00:02:16 GMT-08:00" name="closeDriverInstance" finished-at="2021-02-17T00:02:25 GMT-08:00" duration-ms="8892" status="PASS">
          <reporter-output>
          </reporter-output>
        </test-method> <!-- closeDriverInstance -->
      </class> <!-- com.qa.Tests.LoginTest -->
    </test> <!-- Test Execution on Chrome Browser -->
    <test started-at="2021-02-17T00:01:38 GMT-08:00" name="Test Execution on Firefox Browser" finished-at="2021-02-17T00:02:40 GMT-08:00" duration-ms="61917">
      <class name="com.qa.Tests.LoginTest">
        <test-method is-config="true" signature="lauchApplication(java.lang.String)[pri:0, instance:com.qa.Tests.LoginTest@56de5251]" started-at="2021-02-17T00:01:39 GMT-08:00" name="lauchApplication" finished-at="2021-02-17T00:02:33 GMT-08:00" duration-ms="54256" status="PASS">
          <params>
            <param index="0">
              <value>
                <![CDATA[Firefox]]>
              </value>
            </param>
          </params>
          <reporter-output>
          </reporter-output>
        </test-method> <!-- lauchApplication -->
        <test-method signature="verifyLoginPageTitleTest()[pri:0, instance:com.qa.Tests.LoginTest@56de5251]" started-at="2021-02-17T00:02:33 GMT-08:00" name="verifyLoginPageTitleTest" finished-at="2021-02-17T00:02:33 GMT-08:00" duration-ms="132" status="PASS">
          <reporter-output>
          </reporter-output>
        </test-method> <!-- verifyLoginPageTitleTest -->
        <test-method signature="validateLoginIntoTheApplication()[pri:1, instance:com.qa.Tests.LoginTest@56de5251]" started-at="2021-02-17T00:02:33 GMT-08:00" name="validateLoginIntoTheApplication" finished-at="2021-02-17T00:02:39 GMT-08:00" duration-ms="5869" status="PASS">
          <reporter-output>
          </reporter-output>
        </test-method> <!-- validateLoginIntoTheApplication -->
        <test-method is-config="true" signature="closeDriverInstance()[pri:0, instance:com.qa.Tests.LoginTest@56de5251]" started-at="2021-02-17T00:02:39 GMT-08:00" name="closeDriverInstance" finished-at="2021-02-17T00:02:40 GMT-08:00" duration-ms="1430" status="PASS">
          <reporter-output>
          </reporter-output>
        </test-method> <!-- closeDriverInstance -->
      </class> <!-- com.qa.Tests.LoginTest -->
    </test> <!-- Test Execution on Firefox Browser -->
  </suite> <!-- Suite -->
</testng-results>
